<?xml version="1.0" encoding="UTF-8"?>
<!-- Generated by org.testng.reporters.JUnitXMLReporter -->
<testsuite hostname="GRACE" name="Command line test" tests="6" failures="0" timestamp="27 Oct 2020 09:41:15 GMT" time="0.011" errors="0">
  <testcase name="@BeforeSuite setUp" time="0.0" classname="com.maven.testNGMaven.TestNgMavenSecondClass">
    <failure type="java.lang.IllegalStateException" message="The driver executable does not exist: C:\Users\navyug\workspace\QAPractise\src\ChromeDriver\chromedriver.exe">
      <![CDATA[java.lang.IllegalStateException: The driver executable does not exist: C:\Users\navyug\workspace\QAPractise\src\ChromeDriver\chromedriver.exe
	at com.google.common.base.Preconditions.checkState(Preconditions.java:197)
	at org.openqa.selenium.remote.service.DriverService.checkExecutable(DriverService.java:122)
	at org.openqa.selenium.remote.service.DriverService.findExecutable(DriverService.java:117)
	at org.openqa.selenium.chrome.ChromeDriverService.access$000(ChromeDriverService.java:32)
	at org.openqa.selenium.chrome.ChromeDriverService$Builder.findDefaultExecutable(ChromeDriverService.java:118)
	at org.openqa.selenium.remote.service.DriverService$Builder.build(DriverService.java:291)
	at org.openqa.selenium.chrome.ChromeDriverService.createDefaultService(ChromeDriverService.java:82)
	at org.openqa.selenium.chrome.ChromeDriver.<init>(ChromeDriver.java:117)
	at com.maven.testNGMaven.TestNgMavenSecondClass.setUp(TestNgMavenSecondClass.java:42)
... Removed 28 stack frames]]>
    </failure>
  </testcase> <!-- @BeforeSuite setUp -->
  <testcase name="@BeforeTest profileSetup" time="0.0" classname="com.maven.testNGMaven.TestNgMavenSecondClass">
    <skipped/>
  </testcase> <!-- @BeforeTest profileSetup -->
  <testcase name="@BeforeClass appSetup" time="0.0" classname="com.maven.testNGMaven.TestNgMavenSecondClass">
    <skipped/>
  </testcase> <!-- @BeforeClass appSetup -->
  <testcase name="@BeforeMethod checkLogin" time="0.0" classname="com.maven.testNGMaven.TestNgMavenSecondClass">
    <skipped/>
  </testcase> <!-- @BeforeMethod checkLogin -->
  <testcase name="@AfterMethod screenShot" time="0.0" classname="com.maven.testNGMaven.TestNgMavenSecondClass">
    <skipped/>
  </testcase> <!-- @AfterMethod screenShot -->
  <testcase name="@BeforeGroups setUpSecurity" time="0.0" classname="com.maven.testNGMaven.TestNgMavenSecondClass">
    <skipped/>
  </testcase> <!-- @BeforeGroups setUpSecurity -->
  <testcase name="@BeforeMethod checkLogin" time="0.0" classname="com.maven.testNGMaven.TestNgMavenSecondClass">
    <skipped/>
  </testcase> <!-- @BeforeMethod checkLogin -->
  <testcase name="@AfterMethod screenShot" time="0.0" classname="com.maven.testNGMaven.TestNgMavenSecondClass">
    <skipped/>
  </testcase> <!-- @AfterMethod screenShot -->
  <testcase name="@AfterGroups tearDownSecurity" time="0.0" classname="com.maven.testNGMaven.TestNgMavenSecondClass">
    <skipped/>
  </testcase> <!-- @AfterGroups tearDownSecurity -->
  <testcase name="@AfterClass closeUp" time="0.0" classname="com.maven.testNGMaven.TestNgMavenSecondClass">
    <skipped/>
  </testcase> <!-- @AfterClass closeUp -->
  <testcase name="@AfterTest reportReady" time="0.0" classname="com.maven.testNGMaven.TestNgMavenSecondClass">
    <skipped/>
  </testcase> <!-- @AfterTest reportReady -->
  <testcase name="LoginTest" time="0.001" classname="com.maven.testNGMaven.TestNgMavenExampleTest">
    <skipped/>
  </testcase> <!-- LoginTest -->
  <testcase name="LogoutTest" time="0.0" classname="com.maven.testNGMaven.TestNgMavenExampleTest">
    <skipped/>
  </testcase> <!-- LogoutTest -->
  <testcase name="exampleOfTestNgMaven" time="0.0" classname="com.maven.testNGMaven.TestNgMavenExampleTest">
    <skipped/>
  </testcase> <!-- exampleOfTestNgMaven -->
  <testcase name="testAdd" time="0.0" classname="com.maven.testNGMaven.TestNgMavenExampleTest">
    <skipped/>
  </testcase> <!-- testAdd -->
  <testcase name="oneMoreTest" time="0.001" classname="com.maven.testNGMaven.TestNgMavenSecondClass">
    <skipped/>
  </testcase> <!-- oneMoreTest -->
  <testcase name="testCurrentUrl" time="0.001" classname="com.maven.testNGMaven.TestNgMavenSecondClass">
    <skipped/>
  </testcase> <!-- testCurrentUrl -->
</testsuite> <!-- Command line test -->
